#
# There is insufficient memory for the Java Runtime Environment to continue.
# Native memory allocation (malloc) failed to allocate 32744 bytes for ChunkPool::allocate
# Possible reasons:
#   The system is out of physical RAM or swap space
#   The process is running with CompressedOops enabled, and the Java Heap may be blocking the growth of the native heap
# Possible solutions:
#   Reduce memory load on the system
#   Increase physical memory or swap space
#   Check if swap backing store is full
#   Decrease Java heap size (-Xmx/-Xms)
#   Decrease number of Java threads
#   Decrease Java thread stack sizes (-Xss)
#   Set larger code cache with -XX:ReservedCodeCacheSize=
#   JVM is running with Unscaled Compressed Oops mode in which the Java heap is
#     placed in the first 4GB address space. The Java Heap base address is the
#     maximum limit for the native heap growth. Please use -XX:HeapBaseMinAddress
#     to set the Java Heap base and to place the Java Heap above 4GB virtual address.
# This output file may be truncated or incomplete.
#
#  Out of Memory Error (c:/BuildAgent/work/5ff2f6c26000d570/src/hotspot/share/memory/arena.cpp:81), pid=21160, tid=30904
#
# JRE version: OpenJDK Runtime Environment (11.0.4+10) (build 11.0.4+10-b304.77)
# Java VM: OpenJDK 64-Bit Server VM (11.0.4+10-b304.77, mixed mode, tiered, compressed oops, g1 gc, windows-amd64)
# No core dump will be written. Minidumps are not enabled by default on client versions of Windows
#

---------------  S U M M A R Y ------------

Command Line: -javaagent:C:\\Users\\Катя\\.m2\\repository\\org\\jacoco\\org.jacoco.agent\\0.8.5\\org.jacoco.agent-0.8.5-runtime.jar=destfile=D:\\REA\\java_project\\hw10-1\\target\\jacoco.exec,excludes=ru/netology/domain/*.class C:\Users\0C18~1\AppData\Local\Temp\surefire18058126931806952534\surefirebooter5788277433640895408.jar C:\Users\Катя\AppData\Local\Temp\surefire18058126931806952534 2020-05-03T17-24-32_710-jvmRun1 surefire17834870640695680163tmp surefire_0272627139086311883tmp

Host: Intel(R) Core(TM) i5-3210M CPU @ 2.50GHz, 4 cores, 7G,  Windows 10 , 64 bit Build 18362 (10.0.18362.778)
Time: Sun May  3 17:24:34 2020 RTZ 4 (ceia) elapsed time: 1 seconds (0d 0h 0m 1s)

---------------  T H R E A D  ---------------

Current thread (0x000002557c254800):  JavaThread "C2 CompilerThread0" daemon [_thread_in_native, id=30904, stack(0x000000ad1a100000,0x000000ad1a200000)]


Current CompileTask:
C2:   1319  916       4       org.jacoco.agent.rt.internal_43f5073.asm.commons.AnalyzerAdapter::execute (2009 bytes)

Stack: [0x000000ad1a100000,0x000000ad1a200000]
Native frames: (J=compiled Java code, j=interpreted, Vv=VM code, C=native code)
V  [jvm.dll+0x5db31a]
V  [jvm.dll+0x70c395]
V  [jvm.dll+0x70d8b8]
V  [jvm.dll+0x70df83]
V  [jvm.dll+0x23dbb8]
V  [jvm.dll+0xb944b]
V  [jvm.dll+0xb96fc]
V  [jvm.dll+0x35485e]
V  [jvm.dll+0x4e50c4]
V  [jvm.dll+0x31d362]
V  [jvm.dll+0x31c8ca]
V  [jvm.dll+0x1f7832]
V  [jvm.dll+0x1f6a04]
V  [jvm.dll+0x17fd7c]
V  [jvm.dll+0x204d17]
V  [jvm.dll+0x2035b2]
V  [jvm.dll+0x6d956f]
V  [jvm.dll+0x6d236d]
V  [jvm.dll+0x5da5e6]
C  [ucrtbase.dll+0x20e72]
C  [KERNEL32.DLL+0x17bd4]
C  [ntdll.dll+0x6ce51]


---------------  P R O C E S S  ---------------

Threads class SMR info:
_java_thread_list=0x000002557daf6980, length=13, elements={
0x0000025571679000, 0x000002557c235000, 0x000002557c23e800, 0x000002557cbd3000,
0x000002557c250000, 0x000002557c254800, 0x000002557c259000, 0x000002557c27d000,
0x000002557cc9a800, 0x000002557cfef800, 0x000002557d576800, 0x000002557d0d7800,
0x000002557cfb0800
}

Java Threads: ( => current thread )
  0x0000025571679000 JavaThread "main" [_thread_in_vm, id=33336, stack(0x000000ad19600000,0x000000ad19700000)]
  0x000002557c235000 JavaThread "Reference Handler" daemon [_thread_blocked, id=13492, stack(0x000000ad19d00000,0x000000ad19e00000)]
  0x000002557c23e800 JavaThread "Finalizer" daemon [_thread_blocked, id=5484, stack(0x000000ad19e00000,0x000000ad19f00000)]
  0x000002557cbd3000 JavaThread "Signal Dispatcher" daemon [_thread_blocked, id=34304, stack(0x000000ad19f00000,0x000000ad1a000000)]
  0x000002557c250000 JavaThread "Attach Listener" daemon [_thread_blocked, id=32432, stack(0x000000ad1a000000,0x000000ad1a100000)]
=>0x000002557c254800 JavaThread "C2 CompilerThread0" daemon [_thread_in_native, id=30904, stack(0x000000ad1a100000,0x000000ad1a200000)]
  0x000002557c259000 JavaThread "C1 CompilerThread0" daemon [_thread_blocked, id=34352, stack(0x000000ad1a200000,0x000000ad1a300000)]
  0x000002557c27d000 JavaThread "Sweeper thread" daemon [_thread_blocked, id=33908, stack(0x000000ad1a300000,0x000000ad1a400000)]
  0x000002557cc9a800 JavaThread "Common-Cleaner" daemon [_thread_blocked, id=14956, stack(0x000000ad1a400000,0x000000ad1a500000)]
  0x000002557cfef800 JavaThread "Service Thread" daemon [_thread_blocked, id=32380, stack(0x000000ad1a500000,0x000000ad1a600000)]
  0x000002557d576800 JavaThread "surefire-forkedjvm-command-thread" daemon [_thread_in_native, id=33532, stack(0x000000ad1a700000,0x000000ad1a800000)]
  0x000002557d0d7800 JavaThread "surefire-forkedjvm-ping-30s" daemon [_thread_in_vm, id=26620, stack(0x000000ad1a800000,0x000000ad1a900000)]
  0x000002557cfb0800 JavaThread "C2 CompilerThread1" daemon [_thread_in_native, id=33764, stack(0x000000ad1aa00000,0x000000ad1ab00000)]

Other Threads:
  0x000002557c20d800 VMThread "VM Thread" [stack: 0x000000ad19c00000,0x000000ad19d00000] [id=31936]
  0x000002557cfe7000 WatcherThread [stack: 0x000000ad1a600000,0x000000ad1a700000] [id=7852]
  0x0000025571690000 GCTaskThread "GC Thread#0" [stack: 0x000000ad19700000,0x000000ad19800000] [id=19172]
  0x000002557d1c3800 GCTaskThread "GC Thread#1" [stack: 0x000000ad1a900000,0x000000ad1aa00000] [id=29288]
  0x00000255716be000 ConcurrentGCThread "G1 Main Marker" [stack: 0x000000ad19800000,0x000000ad19900000] [id=13184]
  0x00000255716c1000 ConcurrentGCThread "G1 Conc#0" [stack: 0x000000ad19900000,0x000000ad19a00000] [id=21804]
  0x0000025571740800 ConcurrentGCThread "G1 Refine#0" [stack: 0x000000ad19a00000,0x000000ad19b00000] [id=9768]
  0x0000025571741800 ConcurrentGCThread "G1 Young RemSet Sampling" [stack: 0x000000ad19b00000,0x000000ad19c00000] [id=8072]

Threads with active compile tasks:
C2 CompilerThread0 916       4       org.jacoco.agent.rt.internal_43f5073.asm.commons.AnalyzerAdapter::execute (2009 bytes)
C2 CompilerThread11050       4       org.jacoco.agent.rt.internal_43f5073.asm.Frame::getAbstractTypeFromDescriptor (415 bytes)

VM state:not at safepoint (normal execution)

VM Mutex/Monitor currently owned by a thread: None

Heap address: 0x0000000086e00000, size: 1938 MB, Compressed Oops mode: 32-bit
Narrow klass base: 0x0000000000000000, Narrow klass shift: 3
Compressed class space size: 1073741824 Address: 0x0000000100000000

Heap:
 garbage-first heap   total 124928K, used 11748K [0x0000000086e00000, 0x0000000100000000)
  region size 1024K, 12 young (12288K), 2 survivors (2048K)
 Metaspace       used 11924K, capacity 12154K, committed 12288K, reserved 1060864K
  class space    used 1087K, capacity 1156K, committed 1280K, reserved 1048576K
Heap Regions: E=young(eden), S=young(survivor), O=old, HS=humongous(starts), HC=humongous(continues), CS=collection set, F=free, A=archive, TAMS=top-at-mark-start (previous, next)
|   0|0x0000000086e00000, 0x0000000086e79200, 0x0000000086f00000| 47%| O|  |TAMS 0x0000000086e00000, 0x0000000086e00000| Untracked 
|   1|0x0000000086f00000, 0x0000000086f00000, 0x0000000087000000|  0%| F|  |TAMS 0x0000000086f00000, 0x0000000086f00000| Untracked 
|   2|0x0000000087000000, 0x0000000087000000, 0x0000000087100000|  0%| F|  |TAMS 0x0000000087000000, 0x0000000087000000| Untracked 
|   3|0x0000000087100000, 0x0000000087100000, 0x0000000087200000|  0%| F|  |TAMS 0x0000000087100000, 0x0000000087100000| Untracked 
|   4|0x0000000087200000, 0x0000000087200000, 0x0000000087300000|  0%| F|  |TAMS 0x0000000087200000, 0x0000000087200000| Untracked 
|   5|0x0000000087300000, 0x0000000087300000, 0x0000000087400000|  0%| F|  |TAMS 0x0000000087300000, 0x0000000087300000| Untracked 
|   6|0x0000000087400000, 0x0000000087400000, 0x0000000087500000|  0%| F|  |TAMS 0x0000000087400000, 0x0000000087400000| Untracked 
|   7|0x0000000087500000, 0x0000000087500000, 0x0000000087600000|  0%| F|  |TAMS 0x0000000087500000, 0x0000000087500000| Untracked 
|   8|0x0000000087600000, 0x0000000087600000, 0x0000000087700000|  0%| F|  |TAMS 0x0000000087600000, 0x0000000087600000| Untracked 
|   9|0x0000000087700000, 0x0000000087700000, 0x0000000087800000|  0%| F|  |TAMS 0x0000000087700000, 0x0000000087700000| Untracked 
|  10|0x0000000087800000, 0x0000000087800000, 0x0000000087900000|  0%| F|  |TAMS 0x0000000087800000, 0x0000000087800000| Untracked 
|  11|0x0000000087900000, 0x0000000087900000, 0x0000000087a00000|  0%| F|  |TAMS 0x0000000087900000, 0x0000000087900000| Untracked 
|  12|0x0000000087a00000, 0x0000000087a00000, 0x0000000087b00000|  0%| F|  |TAMS 0x0000000087a00000, 0x0000000087a00000| Untracked 
|  13|0x0000000087b00000, 0x0000000087b00000, 0x0000000087c00000|  0%| F|  |TAMS 0x0000000087b00000, 0x0000000087b00000| Untracked 
|  14|0x0000000087c00000, 0x0000000087c00000, 0x0000000087d00000|  0%| F|  |TAMS 0x0000000087c00000, 0x0000000087c00000| Untracked 
|  15|0x0000000087d00000, 0x0000000087d00000, 0x0000000087e00000|  0%| F|  |TAMS 0x0000000087d00000, 0x0000000087d00000| Untracked 
|  16|0x0000000087e00000, 0x0000000087e00000, 0x0000000087f00000|  0%| F|  |TAMS 0x0000000087e00000, 0x0000000087e00000| Untracked 
|  17|0x0000000087f00000, 0x0000000087f00000, 0x0000000088000000|  0%| F|  |TAMS 0x0000000087f00000, 0x0000000087f00000| Untracked 
|  18|0x0000000088000000, 0x0000000088000000, 0x0000000088100000|  0%| F|  |TAMS 0x0000000088000000, 0x0000000088000000| Untracked 
|  19|0x0000000088100000, 0x0000000088100000, 0x0000000088200000|  0%| F|  |TAMS 0x0000000088100000, 0x0000000088100000| Untracked 
|  20|0x0000000088200000, 0x0000000088200000, 0x0000000088300000|  0%| F|  |TAMS 0x0000000088200000, 0x0000000088200000| Untracked 
|  21|0x0000000088300000, 0x0000000088300000, 0x0000000088400000|  0%| F|  |TAMS 0x0000000088300000, 0x0000000088300000| Untracked 
|  22|0x0000000088400000, 0x0000000088400000, 0x0000000088500000|  0%| F|  |TAMS 0x0000000088400000, 0x0000000088400000| Untracked 
|  23|0x0000000088500000, 0x0000000088500000, 0x0000000088600000|  0%| F|  |TAMS 0x0000000088500000, 0x0000000088500000| Untracked 
|  24|0x0000000088600000, 0x0000000088600000, 0x0000000088700000|  0%| F|  |TAMS 0x0000000088600000, 0x0000000088600000| Untracked 
|  25|0x0000000088700000, 0x0000000088700000, 0x0000000088800000|  0%| F|  |TAMS 0x0000000088700000, 0x0000000088700000| Untracked 
|  26|0x0000000088800000, 0x0000000088800000, 0x0000000088900000|  0%| F|  |TAMS 0x0000000088800000, 0x0000000088800000| Untracked 
|  27|0x0000000088900000, 0x0000000088900000, 0x0000000088a00000|  0%| F|  |TAMS 0x0000000088900000, 0x0000000088900000| Untracked 
|  28|0x0000000088a00000, 0x0000000088a00000, 0x0000000088b00000|  0%| F|  |TAMS 0x0000000088a00000, 0x0000000088a00000| Untracked 
|  29|0x0000000088b00000, 0x0000000088b00000, 0x0000000088c00000|  0%| F|  |TAMS 0x0000000088b00000, 0x0000000088b00000| Untracked 
|  30|0x0000000088c00000, 0x0000000088c00000, 0x0000000088d00000|  0%| F|  |TAMS 0x0000000088c00000, 0x0000000088c00000| Untracked 
|  31|0x0000000088d00000, 0x0000000088d00000, 0x0000000088e00000|  0%| F|  |TAMS 0x0000000088d00000, 0x0000000088d00000| Untracked 
|  32|0x0000000088e00000, 0x0000000088e00000, 0x0000000088f00000|  0%| F|  |TAMS 0x0000000088e00000, 0x0000000088e00000| Untracked 
|  33|0x0000000088f00000, 0x0000000088f00000, 0x0000000089000000|  0%| F|  |TAMS 0x0000000088f00000, 0x0000000088f00000| Untracked 
|  34|0x0000000089000000, 0x0000000089000000, 0x0000000089100000|  0%| F|  |TAMS 0x0000000089000000, 0x0000000089000000| Untracked 
|  35|0x0000000089100000, 0x0000000089100000, 0x0000000089200000|  0%| F|  |TAMS 0x0000000089100000, 0x0000000089100000| Untracked 
|  36|0x0000000089200000, 0x0000000089200000, 0x0000000089300000|  0%| F|  |TAMS 0x0000000089200000, 0x0000000089200000| Untracked 
|  37|0x0000000089300000, 0x0000000089300000, 0x0000000089400000|  0%| F|  |TAMS 0x0000000089300000, 0x0000000089300000| Untracked 
|  38|0x0000000089400000, 0x0000000089400000, 0x0000000089500000|  0%| F|  |TAMS 0x0000000089400000, 0x0000000089400000| Untracked 
|  39|0x0000000089500000, 0x0000000089500000, 0x0000000089600000|  0%| F|  |TAMS 0x0000000089500000, 0x0000000089500000| Untracked 
|  40|0x0000000089600000, 0x0000000089600000, 0x0000000089700000|  0%| F|  |TAMS 0x0000000089600000, 0x0000000089600000| Untracked 
|  41|0x0000000089700000, 0x0000000089700000, 0x0000000089800000|  0%| F|  |TAMS 0x0000000089700000, 0x0000000089700000| Untracked 
|  42|0x0000000089800000, 0x0000000089800000, 0x0000000089900000|  0%| F|  |TAMS 0x0000000089800000, 0x0000000089800000| Untracked 
|  43|0x0000000089900000, 0x0000000089900000, 0x0000000089a00000|  0%| F|  |TAMS 0x0000000089900000, 0x0000000089900000| Untracked 
|  44|0x0000000089a00000, 0x0000000089a00000, 0x0000000089b00000|  0%| F|  |TAMS 0x0000000089a00000, 0x0000000089a00000| Untracked 
|  45|0x0000000089b00000, 0x0000000089b00000, 0x0000000089c00000|  0%| F|  |TAMS 0x0000000089b00000, 0x0000000089b00000| Untracked 
|  46|0x0000000089c00000, 0x0000000089c00000, 0x0000000089d00000|  0%| F|  |TAMS 0x0000000089c00000, 0x0000000089c00000| Untracked 
|  47|0x0000000089d00000, 0x0000000089d00000, 0x0000000089e00000|  0%| F|  |TAMS 0x0000000089d00000, 0x0000000089d00000| Untracked 
|  48|0x0000000089e00000, 0x0000000089e00000, 0x0000000089f00000|  0%| F|  |TAMS 0x0000000089e00000, 0x0000000089e00000| Untracked 
|  49|0x0000000089f00000, 0x0000000089f00000, 0x000000008a000000|  0%| F|  |TAMS 0x0000000089f00000, 0x0000000089f00000| Untracked 
|  50|0x000000008a000000, 0x000000008a000000, 0x000000008a100000|  0%| F|  |TAMS 0x000000008a000000, 0x000000008a000000| Untracked 
|  51|0x000000008a100000, 0x000000008a100000, 0x000000008a200000|  0%| F|  |TAMS 0x000000008a100000, 0x000000008a100000| Untracked 
|  52|0x000000008a200000, 0x000000008a200000, 0x000000008a300000|  0%| F|  |TAMS 0x000000008a200000, 0x000000008a200000| Untracked 
|  53|0x000000008a300000, 0x000000008a300000, 0x000000008a400000|  0%| F|  |TAMS 0x000000008a300000, 0x000000008a300000| Untracked 
|  54|0x000000008a400000, 0x000000008a400000, 0x000000008a500000|  0%| F|  |TAMS 0x000000008a400000, 0x000000008a400000| Untracked 
|  55|0x000000008a500000, 0x000000008a500000, 0x000000008a600000|  0%| F|  |TAMS 0x000000008a500000, 0x000000008a500000| Untracked 
|  56|0x000000008a600000, 0x000000008a600000, 0x000000008a700000|  0%| F|  |TAMS 0x000000008a600000, 0x000000008a600000| Untracked 
|  57|0x000000008a700000, 0x000000008a700000, 0x000000008a800000|  0%| F|  |TAMS 0x000000008a700000, 0x000000008a700000| Untracked 
|  58|0x000000008a800000, 0x000000008a800000, 0x000000008a900000|  0%| F|  |TAMS 0x000000008a800000, 0x000000008a800000| Untracked 
|  59|0x000000008a900000, 0x000000008a900000, 0x000000008aa00000|  0%| F|  |TAMS 0x000000008a900000, 0x000000008a900000| Untracked 
|  60|0x000000008aa00000, 0x000000008aa00000, 0x000000008ab00000|  0%| F|  |TAMS 0x000000008aa00000, 0x000000008aa00000| Untracked 
|  61|0x000000008ab00000, 0x000000008ab00000, 0x000000008ac00000|  0%| F|  |TAMS 0x000000008ab00000, 0x000000008ab00000| Untracked 
|  62|0x000000008ac00000, 0x000000008ac00000, 0x000000008ad00000|  0%| F|  |TAMS 0x000000008ac00000, 0x000000008ac00000| Untracked 
|  63|0x000000008ad00000, 0x000000008ad00000, 0x000000008ae00000|  0%| F|  |TAMS 0x000000008ad00000, 0x000000008ad00000| Untracked 
|  64|0x000000008ae00000, 0x000000008ae00000, 0x000000008af00000|  0%| F|  |TAMS 0x000000008ae00000, 0x000000008ae00000| Untracked 
|  65|0x000000008af00000, 0x000000008af00000, 0x000000008b000000|  0%| F|  |TAMS 0x000000008af00000, 0x000000008af00000| Untracked 
|  66|0x000000008b000000, 0x000000008b000000, 0x000000008b100000|  0%| F|  |TAMS 0x000000008b000000, 0x000000008b000000| Untracked 
|  67|0x000000008b100000, 0x000000008b100000, 0x000000008b200000|  0%| F|  |TAMS 0x000000008b100000, 0x000000008b100000| Untracked 
|  68|0x000000008b200000, 0x000000008b200000, 0x000000008b300000|  0%| F|  |TAMS 0x000000008b200000, 0x000000008b200000| Untracked 
|  69|0x000000008b300000, 0x000000008b300000, 0x000000008b400000|  0%| F|  |TAMS 0x000000008b300000, 0x000000008b300000| Untracked 
|  70|0x000000008b400000, 0x000000008b400000, 0x000000008b500000|  0%| F|  |TAMS 0x000000008b400000, 0x000000008b400000| Untracked 
|  71|0x000000008b500000, 0x000000008b500000, 0x000000008b600000|  0%| F|  |TAMS 0x000000008b500000, 0x000000008b500000| Untracked 
|  72|0x000000008b600000, 0x000000008b600000, 0x000000008b700000|  0%| F|  |TAMS 0x000000008b600000, 0x000000008b600000| Untracked 
|  73|0x000000008b700000, 0x000000008b700000, 0x000000008b800000|  0%| F|  |TAMS 0x000000008b700000, 0x000000008b700000| Untracked 
|  74|0x000000008b800000, 0x000000008b800000, 0x000000008b900000|  0%| F|  |TAMS 0x000000008b800000, 0x000000008b800000| Untracked 
|  75|0x000000008b900000, 0x000000008b900000, 0x000000008ba00000|  0%| F|  |TAMS 0x000000008b900000, 0x000000008b900000| Untracked 
|  76|0x000000008ba00000, 0x000000008ba00000, 0x000000008bb00000|  0%| F|  |TAMS 0x000000008ba00000, 0x000000008ba00000| Untracked 
|  77|0x000000008bb00000, 0x000000008bb00000, 0x000000008bc00000|  0%| F|  |TAMS 0x000000008bb00000, 0x000000008bb00000| Untracked 
|  78|0x000000008bc00000, 0x000000008bc00000, 0x000000008bd00000|  0%| F|  |TAMS 0x000000008bc00000, 0x000000008bc00000| Untracked 
|  79|0x000000008bd00000, 0x000000008bd00000, 0x000000008be00000|  0%| F|  |TAMS 0x000000008bd00000, 0x000000008bd00000| Untracked 
|  80|0x000000008be00000, 0x000000008be00000, 0x000000008bf00000|  0%| F|  |TAMS 0x000000008be00000, 0x000000008be00000| Untracked 
|  81|0x000000008bf00000, 0x000000008bf00000, 0x000000008c000000|  0%| F|  |TAMS 0x000000008bf00000, 0x000000008bf00000| Untracked 
|  82|0x000000008c000000, 0x000000008c000000, 0x000000008c100000|  0%| F|  |TAMS 0x000000008c000000, 0x000000008c000000| Untracked 
|  83|0x000000008c100000, 0x000000008c100000, 0x000000008c200000|  0%| F|  |TAMS 0x000000008c100000, 0x000000008c100000| Untracked 
|  84|0x000000008c200000, 0x000000008c200000, 0x000000008c300000|  0%| F|  |TAMS 0x000000008c200000, 0x000000008c200000| Untracked 
|  85|0x000000008c300000, 0x000000008c300000, 0x000000008c400000|  0%| F|  |TAMS 0x000000008c300000, 0x000000008c300000| Untracked 
|  86|0x000000008c400000, 0x000000008c400000, 0x000000008c500000|  0%| F|  |TAMS 0x000000008c400000, 0x000000008c400000| Untracked 
|  87|0x000000008c500000, 0x000000008c500000, 0x000000008c600000|  0%| F|  |TAMS 0x000000008c500000, 0x000000008c500000| Untracked 
|  88|0x000000008c600000, 0x000000008c600000, 0x000000008c700000|  0%| F|  |TAMS 0x000000008c600000, 0x000000008c600000| Untracked 
|  89|0x000000008c700000, 0x000000008c700000, 0x000000008c800000|  0%| F|  |TAMS 0x000000008c700000, 0x000000008c700000| Untracked 
|  90|0x000000008c800000, 0x000000008c800000, 0x000000008c900000|  0%| F|  |TAMS 0x000000008c800000, 0x000000008c800000| Untracked 
|  91|0x000000008c900000, 0x000000008c900000, 0x000000008ca00000|  0%| F|  |TAMS 0x000000008c900000, 0x000000008c900000| Untracked 
|  92|0x000000008ca00000, 0x000000008ca00000, 0x000000008cb00000|  0%| F|  |TAMS 0x000000008ca00000, 0x000000008ca00000| Untracked 
|  93|0x000000008cb00000, 0x000000008cb00000, 0x000000008cc00000|  0%| F|  |TAMS 0x000000008cb00000, 0x000000008cb00000| Untracked 
|  94|0x000000008cc00000, 0x000000008cc00000, 0x000000008cd00000|  0%| F|  |TAMS 0x000000008cc00000, 0x000000008cc00000| Untracked 
|  95|0x000000008cd00000, 0x000000008cd00000, 0x000000008ce00000|  0%| F|  |TAMS 0x000000008cd00000, 0x000000008cd00000| Untracked 
|  96|0x000000008ce00000, 0x000000008ce00000, 0x000000008cf00000|  0%| F|  |TAMS 0x000000008ce00000, 0x000000008ce00000| Untracked 
|  97|0x000000008cf00000, 0x000000008cf00000, 0x000000008d000000|  0%| F|  |TAMS 0x000000008cf00000, 0x000000008cf00000| Untracked 
|  98|0x000000008d000000, 0x000000008d000000, 0x000000008d100000|  0%| F|  |TAMS 0x000000008d000000, 0x000000008d000000| Untracked 
|  99|0x000000008d100000, 0x000000008d100000, 0x000000008d200000|  0%| F|  |TAMS 0x000000008d100000, 0x000000008d100000| Untracked 
| 100|0x000000008d200000, 0x000000008d200000, 0x000000008d300000|  0%| F|  |TAMS 0x000000008d200000, 0x000000008d200000| Untracked 
| 101|0x000000008d300000, 0x000000008d300000, 0x000000008d400000|  0%| F|  |TAMS 0x000000008d300000, 0x000000008d300000| Untracked 
| 102|0x000000008d400000, 0x000000008d400000, 0x000000008d500000|  0%| F|  |TAMS 0x000000008d400000, 0x000000008d400000| Untracked 
| 103|0x000000008d500000, 0x000000008d500000, 0x000000008d600000|  0%| F|  |TAMS 0x000000008d500000, 0x000000008d500000| Untracked 
| 104|0x000000008d600000, 0x000000008d600000, 0x000000008d700000|  0%| F|  |TAMS 0x000000008d600000, 0x000000008d600000| Untracked 
| 105|0x000000008d700000, 0x000000008d700000, 0x000000008d800000|  0%| F|  |TAMS 0x000000008d700000, 0x000000008d700000| Untracked 
| 106|0x000000008d800000, 0x000000008d900000, 0x000000008d900000|100%| S|CS|TAMS 0x000000008d800000, 0x000000008d800000| Complete 
| 107|0x000000008d900000, 0x000000008da00000, 0x000000008da00000|100%| S|CS|TAMS 0x000000008d900000, 0x000000008d900000| Complete 
| 108|0x000000008da00000, 0x000000008da00000, 0x000000008db00000|  0%| F|  |TAMS 0x000000008da00000, 0x000000008da00000| Untracked 
| 109|0x000000008db00000, 0x000000008db00000, 0x000000008dc00000|  0%| F|  |TAMS 0x000000008db00000, 0x000000008db00000| Untracked 
| 110|0x000000008dc00000, 0x000000008dc00000, 0x000000008dd00000|  0%| F|  |TAMS 0x000000008dc00000, 0x000000008dc00000| Untracked 
| 111|0x000000008dd00000, 0x000000008dd80ec8, 0x000000008de00000| 50%| E|  |TAMS 0x000000008dd00000, 0x000000008dd00000| Complete 
| 112|0x000000008de00000, 0x000000008df00000, 0x000000008df00000|100%| E|CS|TAMS 0x000000008de00000, 0x000000008de00000| Complete 
| 113|0x000000008df00000, 0x000000008e000000, 0x000000008e000000|100%| E|CS|TAMS 0x000000008df00000, 0x000000008df00000| Complete 
| 114|0x000000008e000000, 0x000000008e100000, 0x000000008e100000|100%| E|CS|TAMS 0x000000008e000000, 0x000000008e000000| Complete 
| 115|0x000000008e100000, 0x000000008e200000, 0x000000008e200000|100%| E|CS|TAMS 0x000000008e100000, 0x000000008e100000| Complete 
| 116|0x000000008e200000, 0x000000008e300000, 0x000000008e300000|100%| E|CS|TAMS 0x000000008e200000, 0x000000008e200000| Complete 
| 117|0x000000008e300000, 0x000000008e400000, 0x000000008e400000|100%| E|CS|TAMS 0x000000008e300000, 0x000000008e300000| Complete 
| 118|0x000000008e400000, 0x000000008e500000, 0x000000008e500000|100%| E|CS|TAMS 0x000000008e400000, 0x000000008e400000| Complete 
| 119|0x000000008e500000, 0x000000008e600000, 0x000000008e600000|100%| E|CS|TAMS 0x000000008e500000, 0x000000008e500000| Complete 
| 120|0x000000008e600000, 0x000000008e700000, 0x000000008e700000|100%| E|CS|TAMS 0x000000008e600000, 0x000000008e600000| Complete 
| 121|0x000000008e700000, 0x000000008e800000, 0x000000008e800000|100%| E|CS|TAMS 0x000000008e700000, 0x000000008e700000| Complete 

Card table byte_map: [0x0000025575900000,0x0000025575cd0000] _byte_map_base: 0x00000255754c9000

Marking Bits (Prev, Next): (CMBitMap*) 0x00000255716b5908, (CMBitMap*) 0x00000255716b5940
 Prev Bits: [0x00000255760a0000, 0x0000025577ee8000)
 Next Bits: [0x0000025577ef0000, 0x0000025579d38000)

Polling page: 0x0000025570d70000

Metaspace:

Usage:
  Non-class:     10.87 MB capacity,    10.71 MB ( 98%) used,   154.21 KB (  1%) free+waste,    16.81 KB ( <1%) overhead. 
      Class:      1.13 MB capacity,     1.08 MB ( 96%) used,    44.70 KB (  4%) free+waste,     7.31 KB ( <1%) overhead. 
       Both:     12.01 MB capacity,    11.79 MB ( 98%) used,   198.91 KB (  2%) free+waste,    24.13 KB ( <1%) overhead. 

Virtual space:
  Non-class space:       12.00 MB reserved,      11.00 MB ( 92%) committed 
      Class space:        1.00 GB reserved,       1.25 MB ( <1%) committed 
             Both:        1.01 GB reserved,      12.25 MB (  1%) committed 

Chunk freelists:
   Non-Class:  1.00 KB
       Class:  0 bytes
        Both:  1.00 KB

CodeHeap 'non-profiled nmethods': size=120064Kb used=310Kb max_used=310Kb free=119753Kb
 bounds [0x0000025507ac0000, 0x0000025507d30000, 0x000002550f000000]
CodeHeap 'profiled nmethods': size=120000Kb used=2587Kb max_used=2587Kb free=117413Kb
 bounds [0x0000025500590000, 0x0000025500820000, 0x0000025507ac0000]
CodeHeap 'non-nmethods': size=5696Kb used=1100Kb max_used=1114Kb free=4595Kb
 bounds [0x0000025500000000, 0x0000025500270000, 0x0000025500590000]
 total_blobs=1807 nmethods=1154 adapters=324
 compilation: enabled
              stopped_count=0, restarted_count=0
 full_count=0

Compilation events (10 events):
Event: 1.306 Thread 0x000002557c259000 1128       3       java.lang.invoke.MethodTypeForm::canonicalizeAll (66 bytes)
Event: 1.306 Thread 0x000002557c259000 nmethod 1128 0x00000255007ff190 code [0x00000255007ff3a0, 0x00000255007ffa20]
Event: 1.306 Thread 0x000002557c259000 1127       3       java.lang.invoke.InvokerBytecodeGenerator::emitImplicitConversion (159 bytes)
Event: 1.309 Thread 0x000002557c259000 nmethod 1127 0x00000255007ffc10 code [0x00000255007fff60, 0x0000025500801040]
Event: 1.309 Thread 0x000002557c259000 1130       3       java.lang.invoke.MethodHandles$Lookup::checkAccess (226 bytes)
Event: 1.312 Thread 0x000002557c259000 nmethod 1130 0x0000025500801590 code [0x0000025500801920, 0x0000025500802f40]
Event: 1.312 Thread 0x000002557c259000 1131       3       java.lang.invoke.MethodHandleNatives::refKindHasReceiver (33 bytes)
Event: 1.312 Thread 0x000002557c259000 nmethod 1131 0x0000025500803610 code [0x00000255008037c0, 0x0000025500803978]
Event: 1.312 Thread 0x000002557c259000 1132       3       java.lang.invoke.MethodHandles$Lookup::checkSymbolicClass (24 bytes)
Event: 1.314 Thread 0x000002557c259000 nmethod 1132 0x0000025500803a10 code [0x0000025500803ce0, 0x00000255008048e0]

GC Heap History (2 events):
Event: 0.969 GC heap before
{Heap before GC invocations=0 (full 0):
 garbage-first heap   total 124928K, used 14336K [0x0000000086e00000, 0x0000000100000000)
  region size 1024K, 14 young (14336K), 0 survivors (0K)
 Metaspace       used 10916K, capacity 11124K, committed 11392K, reserved 1058816K
  class space    used 994K, capacity 1045K, committed 1152K, reserved 1048576K
}
Event: 0.980 GC heap after
{Heap after GC invocations=1 (full 0):
 garbage-first heap   total 124928K, used 2532K [0x0000000086e00000, 0x0000000100000000)
  region size 1024K, 2 young (2048K), 2 survivors (2048K)
 Metaspace       used 10916K, capacity 11124K, committed 11392K, reserved 1058816K
  class space    used 994K, capacity 1045K, committed 1152K, reserved 1048576K
}

Deoptimization events (10 events):
Event: 1.210 Thread 0x0000025571679000 Uncommon trap: trap_request=0xffffff4d fr.pc=0x0000025507af1914 relative=0x0000000000000074
Event: 1.210 Thread 0x0000025571679000 Uncommon trap: reason=unstable_if action=reinterpret pc=0x0000025507af1914 method=org.jacoco.agent.rt.internal_43f5073.asm.MethodVisitor.visitLineNumber(ILorg/jacoco/agent/rt/internal_43f5073/asm/Label;)V @ 4 c2
Event: 1.210 Thread 0x0000025571679000 DEOPT PACKING pc=0x0000025507af1914 sp=0x000000ad196fb7c0
Event: 1.210 Thread 0x0000025571679000 DEOPT UNPACKING pc=0x0000025500028eaf sp=0x000000ad196fb748 mode 2
Event: 1.210 Thread 0x0000025571679000 Uncommon trap: trap_request=0xffffff4d fr.pc=0x0000025507b046e0 relative=0x00000000000000c0
Event: 1.210 Thread 0x0000025571679000 Uncommon trap: reason=unstable_if action=reinterpret pc=0x0000025507b046e0 method=org.jacoco.agent.rt.internal_43f5073.asm.MethodVisitor.visitMethodInsn(ILjava/lang/String;Ljava/lang/String;Ljava/lang/String;Z)V @ 58 c2
Event: 1.210 Thread 0x0000025571679000 DEOPT PACKING pc=0x0000025507b046e0 sp=0x000000ad196fb790
Event: 1.210 Thread 0x0000025571679000 DEOPT UNPACKING pc=0x0000025500028eaf sp=0x000000ad196fb720 mode 2
Event: 1.215 Thread 0x0000025571679000 DEOPT PACKING pc=0x0000025500674af0 sp=0x000000ad196fd810
Event: 1.216 Thread 0x0000025571679000 DEOPT UNPACKING pc=0x0000025500028cce sp=0x000000ad196fcc98 mode 0

Classes redefined (0 events):
No events

Internal exceptions (4 events):
Event: 0.454 Thread 0x0000025571679000 Exception <a 'java/lang/NoSuchMethodError'{0x000000008e30da10}: 'int java.lang.invoke.DirectMethodHandle$Holder.invokeSpecialIFC(java.lang.Object, java.lang.Object, int)'> (0x000000008e30da10) thrown at [c:/BuildAgent/work/5ff2f6c26000d570/src/hotspot/sha
Event: 0.718 Thread 0x0000025571679000 Exception <a 'java/lang/NoSuchMethodError'{0x000000008df73cc8}: 'java.lang.Object java.lang.invoke.DirectMethodHandle$Holder.invokeStaticInit(java.lang.Object, java.lang.Object, java.lang.Object)'> (0x000000008df73cc8) thrown at [c:/BuildAgent/work/5ff2f6
Event: 0.863 Thread 0x0000025571679000 Exception <a 'java/lang/NoSuchMethodError'{0x000000008dcd6f28}: 'java.lang.Object java.lang.invoke.DirectMethodHandle$Holder.invokeStaticInit(java.lang.Object, java.lang.Object, java.lang.Object, java.lang.Object)'> (0x000000008dcd6f28) thrown at [c:/Buil
Event: 0.864 Thread 0x0000025571679000 Exception <a 'java/lang/NoSuchMethodError'{0x000000008dcdcf60}: 'java.lang.Object java.lang.invoke.Invokers$Holder.invoke_MT(java.lang.Object, java.lang.Object, java.lang.Object, java.lang.Object, java.lang.Object)'> (0x000000008dcdcf60) thrown at [c:/Bui

Events (10 events):
Event: 1.301 loading class sun/invoke/util/ValueConversions$WrapperCache
Event: 1.302 loading class sun/invoke/util/ValueConversions$WrapperCache done
Event: 1.302 loading class java/lang/invoke/BoundMethodHandle$Species_LLLLLLII
Event: 1.302 loading class java/lang/invoke/BoundMethodHandle$Species_LLLLLLII done
Event: 1.305 loading class java/lang/invoke/BoundMethodHandle$Species_LLLLLLIIL
Event: 1.305 loading class java/lang/invoke/BoundMethodHandle$Species_LLLLLLIIL done
Event: 1.314 loading class java/util/logging/LogManager$VisitedLoggers
Event: 1.314 loading class java/util/logging/LogManager$VisitedLoggers done
Event: 1.314 loading class java/util/logging/LogManager$LoggerContext$1
Event: 1.314 loading class java/util/logging/LogManager$LoggerContext$1 done


Dynamic libraries:
0x00007ff6a4340000 - 0x00007ff6a4387000 	C:\Users\Катя\AppData\Local\JetBrains\Toolbox\apps\IDEA-C\ch-0\192.7142.36\jbr\bin\java.exe
0x00007fff98320000 - 0x00007fff98510000 	C:\Windows\SYSTEM32\ntdll.dll
0x00007fff96440000 - 0x00007fff964f2000 	C:\Windows\System32\KERNEL32.DLL
0x00007fff954d0000 - 0x00007fff95773000 	C:\Windows\System32\KERNELBASE.dll
0x00007fff96f80000 - 0x00007fff97114000 	C:\Windows\System32\USER32.dll
0x00007fff96280000 - 0x00007fff962a1000 	C:\Windows\System32\win32u.dll
0x00007fff96ed0000 - 0x00007fff96ef6000 	C:\Windows\System32\GDI32.dll
0x00007fff95330000 - 0x00007fff954c4000 	C:\Windows\System32\gdi32full.dll
0x00007fff962b0000 - 0x00007fff9634e000 	C:\Windows\System32\msvcp_win.dll
0x00007fff95980000 - 0x00007fff95a7a000 	C:\Windows\System32\ucrtbase.dll
0x00007fff86c20000 - 0x00007fff86ea5000 	C:\Windows\WinSxS\amd64_microsoft.windows.common-controls_6595b64144ccf1df_6.0.18362.778_none_e6c6b761130d4fb8\COMCTL32.dll
0x00007fff963a0000 - 0x00007fff9643e000 	C:\Windows\System32\msvcrt.dll
0x00007fff97800000 - 0x00007fff97b36000 	C:\Windows\System32\combase.dll
0x00007fff97680000 - 0x00007fff977a0000 	C:\Windows\System32\RPCRT4.dll
0x00007fff952b0000 - 0x00007fff95330000 	C:\Windows\System32\bcryptPrimitives.dll
0x00007fff98210000 - 0x00007fff9823e000 	C:\Windows\System32\IMM32.DLL
0x00007fff8b5b0000 - 0x00007fff8b5c7000 	C:\Users\Катя\AppData\Local\JetBrains\Toolbox\apps\IDEA-C\ch-0\192.7142.36\jbr\bin\vcruntime140.dll
0x00007fff80130000 - 0x00007fff801cd000 	C:\Users\Катя\AppData\Local\JetBrains\Toolbox\apps\IDEA-C\ch-0\192.7142.36\jbr\bin\msvcp140.dll
0x00007fff5b470000 - 0x00007fff5bf28000 	C:\Users\Катя\AppData\Local\JetBrains\Toolbox\apps\IDEA-C\ch-0\192.7142.36\jbr\bin\server\jvm.dll
0x00007fff97120000 - 0x00007fff971c3000 	C:\Windows\System32\ADVAPI32.dll
0x00007fff97cf0000 - 0x00007fff97d87000 	C:\Windows\System32\sechost.dll
0x00007fff98200000 - 0x00007fff98208000 	C:\Windows\System32\PSAPI.DLL
0x00007fff876d0000 - 0x00007fff876da000 	C:\Windows\SYSTEM32\VERSION.dll
0x00007fff8fd00000 - 0x00007fff8fd09000 	C:\Windows\SYSTEM32\WSOCK32.dll
0x00007fff91900000 - 0x00007fff91924000 	C:\Windows\SYSTEM32\WINMM.dll
0x00007fff972b0000 - 0x00007fff9731f000 	C:\Windows\System32\WS2_32.dll
0x00007fff917d0000 - 0x00007fff917fd000 	C:\Windows\SYSTEM32\winmmbase.dll
0x00007fff96350000 - 0x00007fff9639a000 	C:\Windows\System32\cfgmgr32.dll
0x00007fff951c0000 - 0x00007fff951d1000 	C:\Windows\System32\kernel.appcore.dll
0x00007fff87950000 - 0x00007fff87961000 	C:\Users\Катя\AppData\Local\JetBrains\Toolbox\apps\IDEA-C\ch-0\192.7142.36\jbr\bin\verify.dll
0x00007fff85200000 - 0x00007fff853f4000 	C:\Windows\SYSTEM32\DBGHELP.DLL
0x00007fff84400000 - 0x00007fff8442a000 	C:\Windows\SYSTEM32\dbgcore.DLL
0x00007fff87920000 - 0x00007fff87949000 	C:\Users\Катя\AppData\Local\JetBrains\Toolbox\apps\IDEA-C\ch-0\192.7142.36\jbr\bin\java.dll
0x00007fff8fdd0000 - 0x00007fff8fe04000 	C:\Users\Катя\AppData\Local\JetBrains\Toolbox\apps\IDEA-C\ch-0\192.7142.36\jbr\bin\instrument.dll
0x00007fff87900000 - 0x00007fff87917000 	C:\Users\Катя\AppData\Local\JetBrains\Toolbox\apps\IDEA-C\ch-0\192.7142.36\jbr\bin\zip.dll
0x00007fff8faa0000 - 0x00007fff8faab000 	C:\Users\Катя\AppData\Local\JetBrains\Toolbox\apps\IDEA-C\ch-0\192.7142.36\jbr\bin\jimage.dll
0x00007fff96500000 - 0x00007fff96be5000 	C:\Windows\System32\SHELL32.dll
0x00007fff975d0000 - 0x00007fff97679000 	C:\Windows\System32\shcore.dll
0x00007fff95ae0000 - 0x00007fff96260000 	C:\Windows\System32\windows.storage.dll
0x00007fff95250000 - 0x00007fff95273000 	C:\Windows\System32\profapi.dll
0x00007fff951e0000 - 0x00007fff9522a000 	C:\Windows\System32\powrprof.dll
0x00007fff951b0000 - 0x00007fff951c0000 	C:\Windows\System32\UMPDC.dll
0x00007fff97c90000 - 0x00007fff97ce2000 	C:\Windows\System32\shlwapi.dll
0x00007fff96260000 - 0x00007fff96277000 	C:\Windows\System32\cryptsp.dll
0x00007fff876a0000 - 0x00007fff876ba000 	C:\Users\Катя\AppData\Local\JetBrains\Toolbox\apps\IDEA-C\ch-0\192.7142.36\jbr\bin\net.dll
0x00007fff88d90000 - 0x00007fff88e80000 	C:\Windows\SYSTEM32\WINHTTP.dll
0x00007fff88fb0000 - 0x00007fff89185000 	C:\Windows\SYSTEM32\urlmon.dll
0x00007fff894f0000 - 0x00007fff89796000 	C:\Windows\SYSTEM32\iertutil.dll
0x00007fff94bf0000 - 0x00007fff94bfc000 	C:\Windows\SYSTEM32\CRYPTBASE.DLL
0x00007fff94a20000 - 0x00007fff94a87000 	C:\Windows\system32\mswsock.dll
0x00007fff87170000 - 0x00007fff87184000 	C:\Users\Катя\AppData\Local\JetBrains\Toolbox\apps\IDEA-C\ch-0\192.7142.36\jbr\bin\nio.dll
0x00007fff7d440000 - 0x00007fff7d456000 	C:\Windows\system32\napinsp.dll
0x00007fff7d420000 - 0x00007fff7d43a000 	C:\Windows\system32\pnrpnsp.dll
0x00007fff94770000 - 0x00007fff9483a000 	C:\Windows\SYSTEM32\DNSAPI.dll
0x00007fff97b40000 - 0x00007fff97b48000 	C:\Windows\System32\NSI.dll
0x00007fff94730000 - 0x00007fff9476a000 	C:\Windows\SYSTEM32\IPHLPAPI.DLL
0x00007fff87a30000 - 0x00007fff87a3e000 	C:\Windows\System32\winrnr.dll
0x00007fff91e10000 - 0x00007fff91e2c000 	C:\Windows\system32\NLAapi.dll
0x00007fff90df0000 - 0x00007fff90e05000 	C:\Windows\system32\wshbth.dll
0x00007fff87690000 - 0x00007fff8769a000 	C:\Windows\System32\rasadhlp.dll
0x00007fff89470000 - 0x00007fff894e7000 	C:\Windows\System32\fwpuclnt.dll
0x00007fff95280000 - 0x00007fff952a6000 	C:\Windows\System32\bcrypt.dll
0x00007fff8e6e0000 - 0x00007fff8e6ea000 	C:\Users\Катя\AppData\Local\JetBrains\Toolbox\apps\IDEA-C\ch-0\192.7142.36\jbr\bin\management.dll
0x00007fff8de40000 - 0x00007fff8de4c000 	C:\Users\Катя\AppData\Local\JetBrains\Toolbox\apps\IDEA-C\ch-0\192.7142.36\jbr\bin\management_ext.dll

dbghelp: loaded successfully - version: 4.0.5 - missing functions: none
symbol engine: initialized successfully - sym options: 0x614 - pdb path: .;C:\Users\Катя\AppData\Local\JetBrains\Toolbox\apps\IDEA-C\ch-0\192.7142.36\jbr\bin;C:\Windows\SYSTEM32;C:\Windows\WinSxS\amd64_microsoft.windows.common-controls_6595b64144ccf1df_6.0.18362.778_none_e6c6b761130d4fb8;C:\Users\Катя\AppData\Local\JetBrains\Toolbox\apps\IDEA-C\ch-0\192.7142.36\jbr\bin\server

VM Arguments:
jvm_args: -javaagent:C:\\Users\\Катя\\.m2\\repository\\org\\jacoco\\org.jacoco.agent\\0.8.5\\org.jacoco.agent-0.8.5-runtime.jar=destfile=D:\\REA\\java_project\\hw10-1\\target\\jacoco.exec,excludes=ru/netology/domain/*.class 
java_command: C:\Users\0C18~1\AppData\Local\Temp\surefire18058126931806952534\surefirebooter5788277433640895408.jar C:\Users\Катя\AppData\Local\Temp\surefire18058126931806952534 2020-05-03T17-24-32_710-jvmRun1 surefire17834870640695680163tmp surefire_0272627139086311883tmp
java_class_path (initial): C:\Users\0C18~1\AppData\Local\Temp\surefire18058126931806952534\surefirebooter5788277433640895408.jar
Launcher Type: SUN_STANDARD

[Global flags]
     intx CICompilerCount                          = 3                                         {product} {ergonomic}
     uint ConcGCThreads                            = 1                                         {product} {ergonomic}
     uint G1ConcRefinementThreads                  = 4                                         {product} {ergonomic}
   size_t G1HeapRegionSize                         = 1048576                                   {product} {ergonomic}
    uintx GCDrainStackTargetSize                   = 64                                        {product} {ergonomic}
   size_t InitialHeapSize                          = 127926272                                 {product} {ergonomic}
   size_t MarkStackSize                            = 4194304                                   {product} {ergonomic}
   size_t MaxHeapSize                              = 2032140288                                {product} {ergonomic}
   size_t MaxNewSize                               = 1218445312                                {product} {ergonomic}
   size_t MinHeapDeltaBytes                        = 1048576                                   {product} {ergonomic}
    uintx NonNMethodCodeHeapSize                   = 5830092                                {pd product} {ergonomic}
    uintx NonProfiledCodeHeapSize                  = 122914074                              {pd product} {ergonomic}
    uintx ProfiledCodeHeapSize                     = 122914074                              {pd product} {ergonomic}
    uintx ReservedCodeCacheSize                    = 251658240                              {pd product} {ergonomic}
     bool SegmentedCodeCache                       = true                                      {product} {ergonomic}
     bool UseCompressedClassPointers               = true                                 {lp64_product} {ergonomic}
     bool UseCompressedOops                        = true                                 {lp64_product} {ergonomic}
     bool UseG1GC                                  = true                                      {product} {ergonomic}
     bool UseLargePagesIndividualAllocation        = false                                  {pd product} {ergonomic}

Logging:
Log output configuration:
 #0: stdout all=warning uptime,level,tags
 #1: stderr all=off uptime,level,tags

Environment Variables:
PATH=C:\Program Files (x86)\Python38-32\Scripts\;C:\Program Files (x86)\Python38-32\;C:\Program Files\AdoptOpenJDK\jdk-11.0.6.10-hotspot\bin;C:\Windows\system32;C:\Windows;C:\Windows\System32\Wbem;C:\Windows\System32\WindowsPowerShell\v1.0\;C:\Windows\System32\OpenSSH\;C:\Program Files\Git\cmd;C:\Users\Катя\AppData\Local\Microsoft\WindowsApps;;C:\Users\Катя\AppData\Local\Programs\Microsoft VS Code\bin
USERNAME=Катя
OS=Windows_NT
PROCESSOR_IDENTIFIER=Intel64 Family 6 Model 58 Stepping 9, GenuineIntel



---------------  S Y S T E M  ---------------

OS: Windows 10 , 64 bit Build 18362 (10.0.18362.778)

CPU:total 4 (initial active 4) (2 cores per cpu, 2 threads per core) family 6 model 58 stepping 9, cmov, cx8, fxsr, mmx, sse, sse2, sse3, ssse3, sse4.1, sse4.2, popcnt, avx, aes, clmul, erms, ht, tsc, tscinvbit, tscinv

Memory: 4k page, system-wide physical 7748M (753M free)
TotalPageFile size 14903M (AvailPageFile size 2M)
current process WorkingSet (physical memory assigned to process): 97M, peak: 97M
current process commit charge ("private bytes"): 231M, peak: 231M

vm_info: OpenJDK 64-Bit Server VM (11.0.4+10-b304.77) for windows-amd64 JRE (11.0.4+10-b304.77), built on Oct 10 2019 15:02:36 by "" with MS VC++ 14.0 (VS2015)

END.
